<?xml version="1.0" encoding="UTF-8"?>
<!-- Generated by org.testng.reporters.JUnitXMLReporter -->
<testsuite ignored="0" hostname="LTIN589698" failures="0" tests="6" name="Default test" time="0.066" errors="0" timestamp="2025-05-28T15:39:53 IST">
  <testcase classname="fproject.EMICalculatorTests" name="@BeforeClass setupDriver" time="-1.748426993149E9">
    <failure type="org.testng.TestNGException" message="
Parameter &amp;apos;browser&amp;apos; is required by BeforeClass on method setupDriver but has not been marked @Optional or defined
in C:\Users\2397960\AppData\Local\Temp\testng-eclipse--1408714534\testng-customsuite.xml">
      <![CDATA[org.testng.TestNGException: 
Parameter 'browser' is required by BeforeClass on method setupDriver but has not been marked @Optional or defined
in C:\Users\2397960\AppData\Local\Temp\testng-eclipse--1408714534\testng-customsuite.xml
at org.testng.internal.Parameters.createParams(Parameters.java:264)
at org.testng.internal.Parameters.createParametersForMethod(Parameters.java:352)
at org.testng.internal.Parameters.createParameters(Parameters.java:690)
at org.testng.internal.Parameters.createConfigurationParameters(Parameters.java:163)
at org.testng.internal.invokers.ConfigInvoker.invokeConfigurations(ConfigInvoker.java:313)
at org.testng.internal.invokers.TestMethodWorker.invokeBeforeClassMethods(TestMethodWorker.java:188)
at org.testng.internal.invokers.TestMethodWorker.run(TestMethodWorker.java:128)
at java.base/java.util.ArrayList.forEach(ArrayList.java:1596)
at org.testng.TestRunner.privateRun(TestRunner.java:741)
at org.testng.TestRunner.run(TestRunner.java:616)
at org.testng.SuiteRunner.runTest(SuiteRunner.java:421)
at org.testng.SuiteRunner.runSequentially(SuiteRunner.java:413)
at org.testng.SuiteRunner.privateRun(SuiteRunner.java:373)
at org.testng.SuiteRunner.run(SuiteRunner.java:312)
at org.testng.SuiteRunnerWorker.runSuite(SuiteRunnerWorker.java:52)
at org.testng.SuiteRunnerWorker.run(SuiteRunnerWorker.java:95)
at org.testng.TestNG.runSuitesSequentially(TestNG.java:1274)
at org.testng.TestNG.runSuitesLocally(TestNG.java:1208)
at org.testng.TestNG.runSuites(TestNG.java:1112)
at org.testng.TestNG.run(TestNG.java:1079)
at org.testng.remote.AbstractRemoteTestNG.run(AbstractRemoteTestNG.java:115)
at org.testng.remote.RemoteTestNG.initAndRun(RemoteTestNG.java:293)
at org.testng.remote.RemoteTestNG.main(RemoteTestNG.java:91)
]]>
    </failure>
  </testcase> <!-- @BeforeClass setupDriver -->
  <testcase classname="fproject.EMICalculatorTests" name="@AfterClass tearDownDriver" time="0.0">
    <skipped/>
  </testcase> <!-- @AfterClass tearDownDriver -->
  <testcase classname="fproject.EMICalculatorTests" name="testEMICalculation" time="0.001">
    <skipped/>
  </testcase> <!-- testEMICalculation -->
  <testcase classname="fproject.EMICalculatorTests" name="testEMICalculatorTab" time="0.0">
    <skipped/>
  </testcase> <!-- testEMICalculatorTab -->
  <testcase classname="fproject.EMICalculatorTests" name="testLoanAmountCalculatorTab" time="0.0">
    <skipped/>
  </testcase> <!-- testLoanAmountCalculatorTab -->
  <testcase classname="fproject.EMICalculatorTests" name="testLoanTenureCalculatorTab" time="0.001">
    <skipped/>
  </testcase> <!-- testLoanTenureCalculatorTab -->
  <testcase classname="fproject.EMICalculatorTests" name="testNavigateAndExtractTable" time="0.0">
    <skipped/>
  </testcase> <!-- testNavigateAndExtractTable -->
  <testcase classname="fproject.EMICalculatorTests" name="testExcelFileContent" time="0.0">
    <skipped/>
  </testcase> <!-- testExcelFileContent -->
</testsuite> <!-- Default test -->
